<?xml version="1.0" encoding="UTF-8"?>
<!-- Generated by org.testng.reporters.JUnitReportReporter -->
<testsuite skipped="0" hostname="DESKTOP-IUTGI2H" name="qaclickacademy.Mavenproject1.AppiumP" tests="1" failures="0" timestamp="2020-07-19T05:26:46 PDT" time="0.009" errors="0">
  <testcase name="Appiumtestexample" time="0.009" classname="qaclickacademy.Mavenproject1.AppiumP"/>
  <system-out/>
</testsuite> <!-- qaclickacademy.Mavenproject1.AppiumP -->
