<?xml version="1.0" encoding="UTF-8"?>
<!-- Generated by org.testng.reporters.JUnitReportReporter -->
<testsuite skipped="0" hostname="DESKTOP-IUTGI2H" name="qaclickacademy.Mavenproject1.RestApiP" tests="1" failures="0" timestamp="2020-07-19T03:16:32 PDT" time="0.008" errors="0">
  <testcase name="selenium" time="0.008" classname="qaclickacademy.Mavenproject1.RestApiP"/>
  <system-out/>
</testsuite> <!-- qaclickacademy.Mavenproject1.RestApiP -->
