<?xml version="1.0" encoding="UTF-8"?>
<!-- Generated by org.testng.reporters.JUnitReportReporter -->
<testsuite skipped="0" hostname="DESKTOP-IUTGI2H" name="qaclickacademy.Mavenproject1.Seleniump" tests="1" failures="0" timestamp="2020-07-19T04:50:13 PDT" time="0.011" errors="0">
  <testcase name="seleniumexample" time="0.011" classname="qaclickacademy.Mavenproject1.Seleniump"/>
  <system-out/>
</testsuite> <!-- qaclickacademy.Mavenproject1.Seleniump -->
