<?xml version="1.0" encoding="UTF-8"?>
<!-- Generated by org.testng.reporters.JUnitReportReporter -->
<testsuite skipped="0" hostname="DESKTOP-IUTGI2H" name="qaclickacademy.Mavenproject1.AppiumTest" tests="3" failures="0" timestamp="2020-07-19T09:12:31 PDT" time="0.006" errors="0">
  <testcase name="Appiumtestexample" time="0.000" classname="qaclickacademy.Mavenproject1.AppiumTest"/>
  <system-out/>
  <testcase name="Appiumteste" time="0.005" classname="qaclickacademy.Mavenproject1.AppiumTest"/>
  <system-out/>
  <testcase name="Appiumtestex" time="0.001" classname="qaclickacademy.Mavenproject1.AppiumTest"/>
  <system-out/>
</testsuite> <!-- qaclickacademy.Mavenproject1.AppiumTest -->
