<?xml version="1.0" encoding="UTF-8"?>
<!-- Generated by org.testng.reporters.JUnitReportReporter -->
<testsuite skipped="0" hostname="DESKTOP-IUTGI2H" name="qaclickacademy.Mavenproject1.RestApiTest" tests="1" failures="0" timestamp="2020-07-19T08:55:33 PDT" time="0.001" errors="0">
  <testcase name="selenium" time="0.001" classname="qaclickacademy.Mavenproject1.RestApiTest"/>
  <system-out/>
</testsuite> <!-- qaclickacademy.Mavenproject1.RestApiTest -->
