<?xml version="1.0" encoding="UTF-8"?>
<!-- Generated by org.testng.reporters.JUnitReportReporter -->
<testsuite skipped="0" hostname="DESKTOP-IUTGI2H" name="qaclickacademy.Mavenproject1.SeleniumTest" tests="2" failures="0" timestamp="2020-07-19T08:55:33 PDT" time="0.007" errors="0">
  <testcase name="seleniumex" time="0.005" classname="qaclickacademy.Mavenproject1.SeleniumTest"/>
  <system-out/>
  <testcase name="seleniumexample" time="0.002" classname="qaclickacademy.Mavenproject1.SeleniumTest"/>
  <system-out/>
</testsuite> <!-- qaclickacademy.Mavenproject1.SeleniumTest -->
